<?xml version="1.0" encoding="utf-8"?><testsuites name="pytest tests"><testsuite name="pytest" errors="0" failures="0" skipped="0" tests="4" time="1.000" timestamp="2026-06-19T21:00:08.726416+00:00" hostname="agent-env-989919e6-5d4c-4228-ba6a-54245497e07d"><testcase classname="backend.tests.test_backend" name="test_api_root" time="0.381" /><testcase classname="backend.tests.test_backend" name="test_post_contact" time="0.129" /><testcase classname="backend.tests.test_backend" name="test_get_contacts" time="0.149" /><testcase classname="backend.tests.test_backend" name="test_contact_missing_fields" time="0.175" /></testsuite></testsuites>